<?xml version="1.0" encoding="UTF-8"?>
<!-- Generated by org.testng.reporters.JUnitXMLReporter -->
<testsuite ignored="0" hostname="swatigarg02-" failures="0" tests="3" name="DemoTest" time="25.318" errors="0" timestamp="2022-06-04T22:15:49 IST">
  <testcase classname="TestFiles.GoogleTest" name="a_launchBrowser" time="4.46"/>
  <testcase classname="TestFiles.GoogleTest" name="b_launchBrowser" time="1.861"/>
  <testcase classname="TestFiles.GoogleTest" name="b_launchBrowser" time="1.878"/>
</testsuite> <!-- DemoTest -->
